<?xml version="1.0" encoding="UTF-8"?>
<testsuite xmlns:xsi="http://www.w3.org/2001/XMLSchema-instance" xsi:noNamespaceSchemaLocation="https://maven.apache.org/surefire/maven-surefire-plugin/xsd/surefire-test-report-3.0.xsd" version="3.0" name="TestSuite" time="354.157" tests="42" errors="0" skipped="0" failures="1">
  <properties>
    <property name="gopherProxySet" value="false"/>
    <property name="awt.toolkit" value="sun.lwawt.macosx.LWCToolkit"/>
    <property name="java.specification.version" value="11"/>
    <property name="sun.cpu.isalist" value=""/>
    <property name="sun.jnu.encoding" value="UTF-8"/>
    <property name="java.class.path" value="/Users/mac/IdeaProjects/Group8Automation/Cigna/target/test-classes:/Users/mac/IdeaProjects/Group8Automation/Cigna/target/classes:/Users/mac/IdeaProjects/Group8Automation/Generic/target/classes:/Users/mac/.m2/repository/org/seleniumhq/selenium/selenium-java/3.141.59/selenium-java-3.141.59.jar:/Users/mac/.m2/repository/org/seleniumhq/selenium/selenium-api/3.141.59/selenium-api-3.141.59.jar:/Users/mac/.m2/repository/org/seleniumhq/selenium/selenium-chrome-driver/3.141.59/selenium-chrome-driver-3.141.59.jar:/Users/mac/.m2/repository/org/seleniumhq/selenium/selenium-edge-driver/3.141.59/selenium-edge-driver-3.141.59.jar:/Users/mac/.m2/repository/org/seleniumhq/selenium/selenium-firefox-driver/3.141.59/selenium-firefox-driver-3.141.59.jar:/Users/mac/.m2/repository/org/seleniumhq/selenium/selenium-ie-driver/3.141.59/selenium-ie-driver-3.141.59.jar:/Users/mac/.m2/repository/org/seleniumhq/selenium/selenium-opera-driver/3.141.59/selenium-opera-driver-3.141.59.jar:/Users/mac/.m2/repository/org/seleniumhq/selenium/selenium-remote-driver/3.141.59/selenium-remote-driver-3.141.59.jar:/Users/mac/.m2/repository/org/seleniumhq/selenium/selenium-safari-driver/3.141.59/selenium-safari-driver-3.141.59.jar:/Users/mac/.m2/repository/org/seleniumhq/selenium/selenium-support/3.141.59/selenium-support-3.141.59.jar:/Users/mac/.m2/repository/net/bytebuddy/byte-buddy/1.8.15/byte-buddy-1.8.15.jar:/Users/mac/.m2/repository/org/apache/commons/commons-exec/1.3/commons-exec-1.3.jar:/Users/mac/.m2/repository/com/google/guava/guava/25.0-jre/guava-25.0-jre.jar:/Users/mac/.m2/repository/com/google/code/findbugs/jsr305/1.3.9/jsr305-1.3.9.jar:/Users/mac/.m2/repository/org/checkerframework/checker-compat-qual/2.0.0/checker-compat-qual-2.0.0.jar:/Users/mac/.m2/repository/com/google/errorprone/error_prone_annotations/2.1.3/error_prone_annotations-2.1.3.jar:/Users/mac/.m2/repository/com/google/j2objc/j2objc-annotations/1.1/j2objc-annotations-1.1.jar:/Users/mac/.m2/repository/org/codehaus/mojo/animal-sniffer-annotations/1.14/animal-sniffer-annotations-1.14.jar:/Users/mac/.m2/repository/com/squareup/okhttp3/okhttp/3.11.0/okhttp-3.11.0.jar:/Users/mac/.m2/repository/com/squareup/okio/okio/1.14.0/okio-1.14.0.jar:/Users/mac/.m2/repository/org/seleniumhq/selenium/selenium-server/3.141.59/selenium-server-3.141.59.jar:/Users/mac/.m2/repository/com/beust/jcommander/1.72/jcommander-1.72.jar:/Users/mac/.m2/repository/net/jcip/jcip-annotations/1.0/jcip-annotations-1.0.jar:/Users/mac/.m2/repository/org/seleniumhq/selenium/jetty-repacked/9.4.12.v20180830/jetty-repacked-9.4.12.v20180830.jar:/Users/mac/.m2/repository/javax/servlet/javax.servlet-api/3.1.0/javax.servlet-api-3.1.0.jar:/Users/mac/.m2/repository/org/yaml/snakeyaml/1.19/snakeyaml-1.19.jar:/Users/mac/.m2/repository/org/testng/testng/7.0.0/testng-7.0.0.jar:"/>
    <property name="java.vm.vendor" value="Oracle Corporation"/>
    <property name="sun.arch.data.model" value="64"/>
    <property name="java.vendor.url" value="http://java.oracle.com/"/>
    <property name="user.timezone" value=""/>
    <property name="java.vm.specification.version" value="11"/>
    <property name="os.name" value="Mac OS X"/>
    <property name="sun.java.launcher" value="SUN_STANDARD"/>
    <property name="user.country" value="US"/>
    <property name="sun.boot.library.path" value="/Library/Java/JavaVirtualMachines/jdk-11.0.2.jdk/Contents/Home/lib"/>
    <property name="sun.java.command" value="/Users/mac/IdeaProjects/Group8Automation/Cigna/target/surefire/surefirebooter5209202339602002434.jar /Users/mac/IdeaProjects/Group8Automation/Cigna/target/surefire 2019-09-28T12-51-07_780-jvmRun1 surefire2643437736474488313tmp surefire_014020408650204136779tmp"/>
    <property name="jdk.debug" value="release"/>
    <property name="surefire.test.class.path" value="/Users/mac/IdeaProjects/Group8Automation/Cigna/target/test-classes:/Users/mac/IdeaProjects/Group8Automation/Cigna/target/classes:/Users/mac/IdeaProjects/Group8Automation/Generic/target/classes:/Users/mac/.m2/repository/org/seleniumhq/selenium/selenium-java/3.141.59/selenium-java-3.141.59.jar:/Users/mac/.m2/repository/org/seleniumhq/selenium/selenium-api/3.141.59/selenium-api-3.141.59.jar:/Users/mac/.m2/repository/org/seleniumhq/selenium/selenium-chrome-driver/3.141.59/selenium-chrome-driver-3.141.59.jar:/Users/mac/.m2/repository/org/seleniumhq/selenium/selenium-edge-driver/3.141.59/selenium-edge-driver-3.141.59.jar:/Users/mac/.m2/repository/org/seleniumhq/selenium/selenium-firefox-driver/3.141.59/selenium-firefox-driver-3.141.59.jar:/Users/mac/.m2/repository/org/seleniumhq/selenium/selenium-ie-driver/3.141.59/selenium-ie-driver-3.141.59.jar:/Users/mac/.m2/repository/org/seleniumhq/selenium/selenium-opera-driver/3.141.59/selenium-opera-driver-3.141.59.jar:/Users/mac/.m2/repository/org/seleniumhq/selenium/selenium-remote-driver/3.141.59/selenium-remote-driver-3.141.59.jar:/Users/mac/.m2/repository/org/seleniumhq/selenium/selenium-safari-driver/3.141.59/selenium-safari-driver-3.141.59.jar:/Users/mac/.m2/repository/org/seleniumhq/selenium/selenium-support/3.141.59/selenium-support-3.141.59.jar:/Users/mac/.m2/repository/net/bytebuddy/byte-buddy/1.8.15/byte-buddy-1.8.15.jar:/Users/mac/.m2/repository/org/apache/commons/commons-exec/1.3/commons-exec-1.3.jar:/Users/mac/.m2/repository/com/google/guava/guava/25.0-jre/guava-25.0-jre.jar:/Users/mac/.m2/repository/com/google/code/findbugs/jsr305/1.3.9/jsr305-1.3.9.jar:/Users/mac/.m2/repository/org/checkerframework/checker-compat-qual/2.0.0/checker-compat-qual-2.0.0.jar:/Users/mac/.m2/repository/com/google/errorprone/error_prone_annotations/2.1.3/error_prone_annotations-2.1.3.jar:/Users/mac/.m2/repository/com/google/j2objc/j2objc-annotations/1.1/j2objc-annotations-1.1.jar:/Users/mac/.m2/repository/org/codehaus/mojo/animal-sniffer-annotations/1.14/animal-sniffer-annotations-1.14.jar:/Users/mac/.m2/repository/com/squareup/okhttp3/okhttp/3.11.0/okhttp-3.11.0.jar:/Users/mac/.m2/repository/com/squareup/okio/okio/1.14.0/okio-1.14.0.jar:/Users/mac/.m2/repository/org/seleniumhq/selenium/selenium-server/3.141.59/selenium-server-3.141.59.jar:/Users/mac/.m2/repository/com/beust/jcommander/1.72/jcommander-1.72.jar:/Users/mac/.m2/repository/net/jcip/jcip-annotations/1.0/jcip-annotations-1.0.jar:/Users/mac/.m2/repository/org/seleniumhq/selenium/jetty-repacked/9.4.12.v20180830/jetty-repacked-9.4.12.v20180830.jar:/Users/mac/.m2/repository/javax/servlet/javax.servlet-api/3.1.0/javax.servlet-api-3.1.0.jar:/Users/mac/.m2/repository/org/yaml/snakeyaml/1.19/snakeyaml-1.19.jar:/Users/mac/.m2/repository/org/testng/testng/7.0.0/testng-7.0.0.jar:"/>
    <property name="sun.cpu.endian" value="little"/>
    <property name="user.home" value="/Users/mac"/>
    <property name="user.language" value="en"/>
    <property name="java.specification.vendor" value="Oracle Corporation"/>
    <property name="java.version.date" value="2019-01-15"/>
    <property name="java.home" value="/Library/Java/JavaVirtualMachines/jdk-11.0.2.jdk/Contents/Home"/>
    <property name="file.separator" value="/"/>
    <property name="basedir" value="/Users/mac/IdeaProjects/Group8Automation/Cigna"/>
    <property name="java.vm.compressedOopsMode" value="Zero based"/>
    <property name="line.separator" value="&#10;"/>
    <property name="java.specification.name" value="Java Platform API Specification"/>
    <property name="java.vm.specification.vendor" value="Oracle Corporation"/>
    <property name="java.awt.graphicsenv" value="sun.awt.CGraphicsEnvironment"/>
    <property name="surefire.real.class.path" value="/Users/mac/IdeaProjects/Group8Automation/Cigna/target/surefire/surefirebooter5209202339602002434.jar"/>
    <property name="sun.management.compiler" value="HotSpot 64-Bit Tiered Compilers"/>
    <property name="java.runtime.version" value="11.0.2+9-LTS"/>
    <property name="user.name" value="mac"/>
    <property name="path.separator" value=":"/>
    <property name="os.version" value="10.14.6"/>
    <property name="java.runtime.name" value="Java(TM) SE Runtime Environment"/>
    <property name="file.encoding" value="UTF-8"/>
    <property name="java.vm.name" value="Java HotSpot(TM) 64-Bit Server VM"/>
    <property name="java.vendor.version" value="18.9"/>
    <property name="localRepository" value="/Users/mac/.m2/repository"/>
    <property name="java.vendor.url.bug" value="http://bugreport.java.com/bugreport/"/>
    <property name="java.io.tmpdir" value="/var/folders/n2/vl72p8515wdb1mbq_clvw5080000gn/T/"/>
    <property name="java.version" value="11.0.2"/>
    <property name="user.dir" value="/Users/mac/IdeaProjects/Group8Automation/Cigna"/>
    <property name="os.arch" value="x86_64"/>
    <property name="java.vm.specification.name" value="Java Virtual Machine Specification"/>
    <property name="java.awt.printerjob" value="sun.lwawt.macosx.CPrinterJob"/>
    <property name="sun.os.patch.level" value="unknown"/>
    <property name="java.library.path" value="/Users/mac/Library/Java/Extensions:/Library/Java/Extensions:/Network/Library/Java/Extensions:/System/Library/Java/Extensions:/usr/lib/java:."/>
    <property name="java.vendor" value="Oracle Corporation"/>
    <property name="java.vm.info" value="mixed mode"/>
    <property name="java.vm.version" value="11.0.2+9-LTS"/>
    <property name="sun.io.unicode.encoding" value="UnicodeBig"/>
    <property name="java.class.version" value="55.0"/>
  </properties>
  <testcase name="testClickCignaInternational" classname="CignaTest.CignaTests" time="4.367"/>
  <testcase name="testClickContactUs" classname="CignaTest.CignaTests" time="2.008"/>
  <testcase name="testClickEspanol" classname="CignaTest.CignaTests" time="1.05"/>
  <testcase name="testClickPrivacy" classname="CignaTest.CignaTests" time="2.746"/>
  <testcase name="testFindDoctor" classname="CignaTest.CignaTests" time="1.563"/>
  <testcase name="testSearchBar" classname="CignaTest.CignaTests" time="1.345"/>
  <testcase name="testSignIn" classname="CignaTest.CignaTests" time="0.236"/>
  <testcase name="testClickInternationalInsurance" classname="CignaTest.CignaTests2" time="4.313"/>
  <testcase name="testDentalPlanButton" classname="CignaTest.CignaTests2" time="3.558">
    <failure message="did not expect to find [true] but found [false]" type="java.lang.AssertionError">java.lang.AssertionError: did not expect to find [true] but found [false]
	at CignaTest.CignaTests2.testDentalPlanButton(CignaTests2.java:28)
</failure>
    <system-err><![CDATA[Starting ChromeDriver 76.0.3809.126 (d80a294506b4c9d18015e755cee48f953ddc3f2f-refs/branch-heads/3809@{#1024}) on port 27974
Only local connections are allowed.
Please protect ports used by ChromeDriver and related test frameworks to prevent access by malicious code.
[1569689529.799][WARNING]: This version of ChromeDriver has not been tested with Chrome version 77.
Sep 28, 2019 12:52:09 PM org.openqa.selenium.remote.ProtocolHandshake createSession
INFO: Detected dialect: W3C
]]></system-err>
  </testcase>
  <testcase name="testFindingButton" classname="CignaTest.CignaTests2" time="3.253"/>
  <testcase name="testIndividualsAndFamilyButton" classname="CignaTest.CignaTests2" time="1.73"/>
  <testcase name="testMemberSources" classname="CignaTest.CignaTests2" time="2.117"/>
  <testcase name="testOtherSuplementalInsurance" classname="CignaTest.CignaTests2" time="3.252"/>
  <testcase name="testPlansAndServices" classname="CignaTest.CignaTests2" time="1.703"/>
  <testcase name="testBuyingInsuranceButton" classname="CignaTest.CignaTests3" time="2.986"/>
  <testcase name="testClickHealthcareReform" classname="CignaTest.CignaTests3" time="5.763"/>
  <testcase name="testCommonInsurance" classname="CignaTest.CignaTests3" time="3.213"/>
  <testcase name="testCopayButton" classname="CignaTest.CignaTests3" time="4.126"/>
  <testcase name="testHowToShopButton" classname="CignaTest.CignaTests3" time="2.791"/>
  <testcase name="testProviderButton" classname="CignaTest.CignaTests3" time="3.415"/>
  <testcase name="testUnderstandingInsurance" classname="CignaTest.CignaTests3" time="1.911"/>
  <testcase name="testCignaMobileAppButton" classname="CignaTest.CignaTests4" time="3.152"/>
  <testcase name="testClaimsButton" classname="CignaTest.CignaTests4" time="3.595"/>
  <testcase name="testClickHsaButton" classname="CignaTest.CignaTests4" time="3.162"/>
  <testcase name="testCustomerServicesButton" classname="CignaTest.CignaTests4" time="3.313"/>
  <testcase name="testPrescriptionButton" classname="CignaTest.CignaTests4" time="2.366"/>
  <testcase name="testProgramsButton" classname="CignaTest.CignaTests4" time="2.92"/>
  <testcase name="testRequestIdCard" classname="CignaTest.CignaTests4" time="3.3"/>
  <testcase name="testAutismButton" classname="CignaTest.CignaTests5" time="3.471"/>
  <testcase name="testDentalPlanButton" classname="CignaTest.CignaTests5" time="3.748"/>
  <testcase name="testDisasterResourcesButton" classname="CignaTest.CignaTests5" time="2.818"/>
  <testcase name="testEatingDisordersButon" classname="CignaTest.CignaTests5" time="20.391"/>
  <testcase name="testEatingWellButton" classname="CignaTest.CignaTests5" time="2.696"/>
  <testcase name="testExercisesButton" classname="CignaTest.CignaTests5" time="3.239"/>
  <testcase name="testHealthAndWellnessButton" classname="CignaTest.CignaTests5" time="1.738"/>
  <testcase name="testClickFamilyButton" classname="CignaTest.CignaTests6" time="3.387"/>
  <testcase name="testClickHealthyAging" classname="CignaTest.CignaTests6" time="2.953"/>
  <testcase name="testClickLgbtButton" classname="CignaTest.CignaTests6" time="3.395"/>
  <testcase name="testClickMentalHealth" classname="CignaTest.CignaTests6" time="3.678"/>
  <testcase name="testClickMilitaryButton" classname="CignaTest.CignaTests6" time="3.311"/>
  <testcase name="testClickSubstanceButton" classname="CignaTest.CignaTests6" time="3.287"/>
  <testcase name="testClickSuicideButton" classname="CignaTest.CignaTests6" time="3.468"/>
</testsuite>