<?xml version="1.0" encoding="UTF-8"?>
<!-- Generated by org.testng.reporters.JUnitXMLReporter -->
<testsuite ignored="5" hostname="Macs-MBP-5.attlocal.net" failures="1" tests="42" name="Cigna" time="353.539" errors="0" timestamp="2019-09-28T12:57:03 EDT">
  <testcase classname="CignaTest.CignaTests" name="testClickCignaInternational" time="4.366"/>
  <testcase classname="CignaTest.CignaTests" name="testClickContactUs" time="2.008"/>
  <testcase classname="CignaTest.CignaTests" name="testClickEspanol" time="1.049"/>
  <testcase classname="CignaTest.CignaTests" name="testClickPrivacy" time="2.746"/>
  <testcase classname="CignaTest.CignaTests" name="testFindDoctor" time="1.563"/>
  <testcase classname="CignaTest.CignaTests" name="testSearchBar" time="1.346"/>
  <testcase classname="CignaTest.CignaTests" name="testSignIn" time="0.236"/>
  <testcase classname="CignaTest.CignaTests2" name="testClickInternationalInsurance" time="4.313"/>
  <testcase classname="CignaTest.CignaTests2" name="testDentalPlanButton" time="3.554">
    <failure type="java.lang.AssertionError" message="did not expect to find [true] but found [false]">
      <![CDATA[java.lang.AssertionError: did not expect to find [true] but found [false]
at CignaMain.CignaMainTestCases.clickDentalPLan(CignaMainTestCases.java:148)
at CignaTest.CignaTests2.testDentalPlanButton(CignaTests2.java:28)
at java.base/java.util.ArrayList.forEach(ArrayList.java:1540)
... Removed 35 stack frames]]>
    </failure>
  </testcase> <!-- testDentalPlanButton -->
  <testcase classname="CignaTest.CignaTests2" name="testFindingButton" time="3.252"/>
  <testcase classname="CignaTest.CignaTests2" name="testIndividualsAndFamilyButton" time="1.73"/>
  <testcase classname="CignaTest.CignaTests2" name="testMemberSources" time="2.118"/>
  <testcase classname="CignaTest.CignaTests2" name="testOtherSuplementalInsurance" time="3.252"/>
  <testcase classname="CignaTest.CignaTests2" name="testPlansAndServices" time="1.702"/>
  <testcase classname="CignaTest.CignaTests3" name="testBuyingInsuranceButton" time="2.986"/>
  <testcase classname="CignaTest.CignaTests3" name="testClickHealthcareReform" time="5.762"/>
  <testcase classname="CignaTest.CignaTests3" name="testCommonInsurance" time="3.213"/>
  <testcase classname="CignaTest.CignaTests3" name="testCopayButton" time="4.125"/>
  <testcase classname="CignaTest.CignaTests3" name="testHowToShopButton" time="2.791"/>
  <testcase classname="CignaTest.CignaTests3" name="testProviderButton" time="3.415"/>
  <testcase classname="CignaTest.CignaTests3" name="testUnderstandingInsurance" time="1.91"/>
  <testcase classname="CignaTest.CignaTests4" name="testCignaMobileAppButton" time="3.153"/>
  <testcase classname="CignaTest.CignaTests4" name="testClaimsButton" time="3.595"/>
  <testcase classname="CignaTest.CignaTests4" name="testClickHsaButton" time="3.163"/>
  <testcase classname="CignaTest.CignaTests4" name="testCustomerServicesButton" time="3.314"/>
  <testcase classname="CignaTest.CignaTests4" name="testPrescriptionButton" time="2.366"/>
  <testcase classname="CignaTest.CignaTests4" name="testProgramsButton" time="2.92"/>
  <testcase classname="CignaTest.CignaTests4" name="testRequestIdCard" time="3.3"/>
  <testcase classname="CignaTest.CignaTests5" name="testAutismButton" time="3.471"/>
  <testcase classname="CignaTest.CignaTests5" name="testDentalPlanButton" time="3.748"/>
  <testcase classname="CignaTest.CignaTests5" name="testDisasterResourcesButton" time="2.818"/>
  <testcase classname="CignaTest.CignaTests5" name="testEatingDisordersButon" time="20.391"/>
  <testcase classname="CignaTest.CignaTests5" name="testEatingWellButton" time="2.695"/>
  <testcase classname="CignaTest.CignaTests5" name="testExercisesButton" time="3.24"/>
  <testcase classname="CignaTest.CignaTests5" name="testHealthAndWellnessButton" time="1.738"/>
  <testcase classname="CignaTest.CignaTests6" name="testClickFamilyButton" time="3.387"/>
  <testcase classname="CignaTest.CignaTests6" name="testClickHealthyAging" time="2.953"/>
  <testcase classname="CignaTest.CignaTests6" name="testClickLgbtButton" time="3.395"/>
  <testcase classname="CignaTest.CignaTests6" name="testClickMentalHealth" time="3.678"/>
  <testcase classname="CignaTest.CignaTests6" name="testClickMilitaryButton" time="3.311"/>
  <testcase classname="CignaTest.CignaTests6" name="testClickSubstanceButton" time="3.287"/>
  <testcase classname="CignaTest.CignaTests6" name="testClickSuicideButton" time="3.468"/>
  <testcase classname="Base.CommonAPI" name="@AfterSuite generateReport" time="0.0">
    <ignored/>
  </testcase> <!-- @AfterSuite generateReport -->
  <testcase classname="Base.CommonAPI" name="@AfterSuite generateReport" time="0.0">
    <ignored/>
  </testcase> <!-- @AfterSuite generateReport -->
  <testcase classname="Base.CommonAPI" name="@AfterSuite generateReport" time="0.0">
    <ignored/>
  </testcase> <!-- @AfterSuite generateReport -->
  <testcase classname="Base.CommonAPI" name="@AfterSuite generateReport" time="0.0">
    <ignored/>
  </testcase> <!-- @AfterSuite generateReport -->
  <testcase classname="Base.CommonAPI" name="@AfterSuite generateReport" time="0.0">
    <ignored/>
  </testcase> <!-- @AfterSuite generateReport -->
</testsuite> <!-- Cigna -->
